<?xml version="1.0" encoding="UTF-8"?>
<!-- Generated by org.testng.reporters.JUnitReportReporter -->
<testsuite hostname="INLEN8520030622" failures="0" tests="1" name="newCustomer.CreateNewCustomerTest" time="10.399" errors="0" timestamp="2023-03-05T16:02:06 IST" skipped="0">
  <testcase classname="newCustomer.CreateNewCustomerTest" name="newCustomerCreation" time="10.399"/>
  <system-out/>
</testsuite> <!-- newCustomer.CreateNewCustomerTest -->
